2023-06-22 20:44:57 DEBUG Parsing relationship: /xl/_rels/workbook.xml.rels
2023-06-22 20:44:57 DEBUG Parsing relationship: /xl/worksheets/_rels/sheet1.xml.rels
2023-06-22 20:44:57 DEBUG Parsing relationship: /_rels/.rels
2023-06-22 20:44:58 DEBUG using default POIXMLDocumentPart for http://schemas.openxmlformats.org/officeDocument/2006/relationships/printerSettings
2023-06-22 20:44:58 DEBUG Parsing relationship: /xl/_rels/workbook.xml.rels
2023-06-22 20:44:58 DEBUG Parsing relationship: /xl/worksheets/_rels/sheet1.xml.rels
2023-06-22 20:44:58 DEBUG Parsing relationship: /_rels/.rels
2023-06-22 20:44:58 DEBUG using default POIXMLDocumentPart for http://schemas.openxmlformats.org/officeDocument/2006/relationships/printerSettings
2023-06-22 20:44:58 DEBUG Parsing relationship: /xl/_rels/workbook.xml.rels
2023-06-22 20:44:58 DEBUG Parsing relationship: /xl/worksheets/_rels/sheet1.xml.rels
2023-06-22 20:44:58 DEBUG Parsing relationship: /_rels/.rels
2023-06-22 20:44:58 DEBUG using default POIXMLDocumentPart for http://schemas.openxmlformats.org/officeDocument/2006/relationships/printerSettings
2023-06-22 20:44:58 DEBUG Parsing relationship: /xl/_rels/workbook.xml.rels
2023-06-22 20:44:58 DEBUG Parsing relationship: /xl/worksheets/_rels/sheet1.xml.rels
2023-06-22 20:44:58 DEBUG Parsing relationship: /_rels/.rels
2023-06-22 20:44:58 DEBUG using default POIXMLDocumentPart for http://schemas.openxmlformats.org/officeDocument/2006/relationships/printerSettings
2023-06-22 20:44:58 DEBUG Parsing relationship: /xl/_rels/workbook.xml.rels
2023-06-22 20:44:58 DEBUG Parsing relationship: /xl/worksheets/_rels/sheet1.xml.rels
2023-06-22 20:44:58 DEBUG Parsing relationship: /_rels/.rels
2023-06-22 20:44:58 DEBUG using default POIXMLDocumentPart for http://schemas.openxmlformats.org/officeDocument/2006/relationships/printerSettings
2023-06-22 20:44:59 DEBUG Parsing relationship: /xl/_rels/workbook.xml.rels
2023-06-22 20:44:59 DEBUG Parsing relationship: /xl/worksheets/_rels/sheet1.xml.rels
2023-06-22 20:44:59 DEBUG Parsing relationship: /_rels/.rels
2023-06-22 20:44:59 DEBUG using default POIXMLDocumentPart for http://schemas.openxmlformats.org/officeDocument/2006/relationships/printerSettings
2023-06-22 20:44:59 DEBUG Parsing relationship: /xl/_rels/workbook.xml.rels
2023-06-22 20:44:59 DEBUG Parsing relationship: /xl/worksheets/_rels/sheet1.xml.rels
2023-06-22 20:44:59 DEBUG Parsing relationship: /_rels/.rels
2023-06-22 20:44:59 DEBUG using default POIXMLDocumentPart for http://schemas.openxmlformats.org/officeDocument/2006/relationships/printerSettings
2023-06-22 20:44:59 DEBUG Parsing relationship: /xl/_rels/workbook.xml.rels
2023-06-22 20:44:59 DEBUG Parsing relationship: /xl/worksheets/_rels/sheet1.xml.rels
2023-06-22 20:44:59 DEBUG Parsing relationship: /_rels/.rels
2023-06-22 20:44:59 DEBUG using default POIXMLDocumentPart for http://schemas.openxmlformats.org/officeDocument/2006/relationships/printerSettings
2023-06-22 20:44:59 DEBUG Parsing relationship: /xl/_rels/workbook.xml.rels
2023-06-22 20:44:59 DEBUG Parsing relationship: /xl/worksheets/_rels/sheet1.xml.rels
2023-06-22 20:44:59 DEBUG Parsing relationship: /_rels/.rels
2023-06-22 20:44:59 DEBUG using default POIXMLDocumentPart for http://schemas.openxmlformats.org/officeDocument/2006/relationships/printerSettings
2023-06-22 20:44:59 DEBUG Parsing relationship: /xl/_rels/workbook.xml.rels
2023-06-22 20:44:59 DEBUG Parsing relationship: /xl/worksheets/_rels/sheet1.xml.rels
2023-06-22 20:44:59 DEBUG Parsing relationship: /_rels/.rels
2023-06-22 20:44:59 DEBUG using default POIXMLDocumentPart for http://schemas.openxmlformats.org/officeDocument/2006/relationships/printerSettings
2023-06-22 20:44:59 DEBUG Parsing relationship: /xl/_rels/workbook.xml.rels
2023-06-22 20:44:59 DEBUG Parsing relationship: /xl/worksheets/_rels/sheet1.xml.rels
2023-06-22 20:44:59 DEBUG Parsing relationship: /_rels/.rels
2023-06-22 20:44:59 DEBUG using default POIXMLDocumentPart for http://schemas.openxmlformats.org/officeDocument/2006/relationships/printerSettings
2023-06-22 20:44:59 DEBUG Parsing relationship: /xl/_rels/workbook.xml.rels
2023-06-22 20:44:59 DEBUG Parsing relationship: /xl/worksheets/_rels/sheet1.xml.rels
2023-06-22 20:44:59 DEBUG Parsing relationship: /_rels/.rels
2023-06-22 20:44:59 DEBUG using default POIXMLDocumentPart for http://schemas.openxmlformats.org/officeDocument/2006/relationships/printerSettings
2023-06-22 20:44:59 DEBUG Parsing relationship: /xl/_rels/workbook.xml.rels
2023-06-22 20:44:59 DEBUG Parsing relationship: /xl/worksheets/_rels/sheet1.xml.rels
2023-06-22 20:44:59 DEBUG Parsing relationship: /_rels/.rels
2023-06-22 20:44:59 DEBUG using default POIXMLDocumentPart for http://schemas.openxmlformats.org/officeDocument/2006/relationships/printerSettings
2023-06-22 20:44:59 DEBUG Parsing relationship: /xl/_rels/workbook.xml.rels
2023-06-22 20:44:59 DEBUG Parsing relationship: /xl/worksheets/_rels/sheet1.xml.rels
2023-06-22 20:44:59 DEBUG Parsing relationship: /_rels/.rels
2023-06-22 20:44:59 DEBUG using default POIXMLDocumentPart for http://schemas.openxmlformats.org/officeDocument/2006/relationships/printerSettings
2023-06-22 20:44:59 DEBUG Parsing relationship: /xl/_rels/workbook.xml.rels
2023-06-22 20:44:59 DEBUG Parsing relationship: /xl/worksheets/_rels/sheet1.xml.rels
2023-06-22 20:44:59 DEBUG Parsing relationship: /_rels/.rels
2023-06-22 20:44:59 DEBUG using default POIXMLDocumentPart for http://schemas.openxmlformats.org/officeDocument/2006/relationships/printerSettings
2023-06-22 20:44:59 DEBUG Parsing relationship: /xl/_rels/workbook.xml.rels
2023-06-22 20:44:59 DEBUG Parsing relationship: /xl/worksheets/_rels/sheet1.xml.rels
2023-06-22 20:44:59 DEBUG Parsing relationship: /_rels/.rels
2023-06-22 20:44:59 DEBUG using default POIXMLDocumentPart for http://schemas.openxmlformats.org/officeDocument/2006/relationships/printerSettings
2023-06-22 20:44:59 DEBUG Parsing relationship: /xl/_rels/workbook.xml.rels
2023-06-22 20:44:59 DEBUG Parsing relationship: /xl/worksheets/_rels/sheet1.xml.rels
2023-06-22 20:44:59 DEBUG Parsing relationship: /_rels/.rels
2023-06-22 20:44:59 DEBUG using default POIXMLDocumentPart for http://schemas.openxmlformats.org/officeDocument/2006/relationships/printerSettings
2023-06-22 20:44:59 DEBUG Parsing relationship: /xl/_rels/workbook.xml.rels
2023-06-22 20:44:59 DEBUG Parsing relationship: /xl/worksheets/_rels/sheet1.xml.rels
2023-06-22 20:44:59 DEBUG Parsing relationship: /_rels/.rels
2023-06-22 20:44:59 DEBUG using default POIXMLDocumentPart for http://schemas.openxmlformats.org/officeDocument/2006/relationships/printerSettings
2023-06-22 20:44:59 DEBUG Parsing relationship: /xl/_rels/workbook.xml.rels
2023-06-22 20:44:59 DEBUG Parsing relationship: /xl/worksheets/_rels/sheet1.xml.rels
2023-06-22 20:44:59 DEBUG Parsing relationship: /_rels/.rels
2023-06-22 20:44:59 DEBUG using default POIXMLDocumentPart for http://schemas.openxmlformats.org/officeDocument/2006/relationships/printerSettings
2023-06-22 20:44:59 DEBUG Parsing relationship: /xl/_rels/workbook.xml.rels
2023-06-22 20:44:59 DEBUG Parsing relationship: /xl/worksheets/_rels/sheet1.xml.rels
2023-06-22 20:44:59 DEBUG Parsing relationship: /_rels/.rels
2023-06-22 20:44:59 DEBUG using default POIXMLDocumentPart for http://schemas.openxmlformats.org/officeDocument/2006/relationships/printerSettings
2023-06-22 20:44:59 DEBUG Parsing relationship: /xl/_rels/workbook.xml.rels
2023-06-22 20:44:59 DEBUG Parsing relationship: /xl/worksheets/_rels/sheet1.xml.rels
2023-06-22 20:44:59 DEBUG Parsing relationship: /_rels/.rels
2023-06-22 20:44:59 DEBUG using default POIXMLDocumentPart for http://schemas.openxmlformats.org/officeDocument/2006/relationships/printerSettings
2023-06-22 20:44:59 DEBUG Parsing relationship: /xl/_rels/workbook.xml.rels
2023-06-22 20:44:59 DEBUG Parsing relationship: /xl/worksheets/_rels/sheet1.xml.rels
2023-06-22 20:44:59 DEBUG Parsing relationship: /_rels/.rels
2023-06-22 20:44:59 DEBUG using default POIXMLDocumentPart for http://schemas.openxmlformats.org/officeDocument/2006/relationships/printerSettings
2023-06-22 20:44:59 DEBUG Parsing relationship: /xl/_rels/workbook.xml.rels
2023-06-22 20:44:59 DEBUG Parsing relationship: /xl/worksheets/_rels/sheet1.xml.rels
2023-06-22 20:44:59 DEBUG Parsing relationship: /_rels/.rels
2023-06-22 20:44:59 DEBUG using default POIXMLDocumentPart for http://schemas.openxmlformats.org/officeDocument/2006/relationships/printerSettings
2023-06-22 20:45:08 DEBUG Parsing relationship: /xl/_rels/workbook.xml.rels
2023-06-22 20:45:08 DEBUG Parsing relationship: /xl/worksheets/_rels/sheet1.xml.rels
2023-06-22 20:45:08 DEBUG Parsing relationship: /_rels/.rels
2023-06-22 20:45:08 DEBUG using default POIXMLDocumentPart for http://schemas.openxmlformats.org/officeDocument/2006/relationships/printerSettings
2023-06-22 20:45:08 DEBUG Parsing relationship: /xl/_rels/workbook.xml.rels
2023-06-22 20:45:08 DEBUG Parsing relationship: /xl/worksheets/_rels/sheet1.xml.rels
2023-06-22 20:45:08 DEBUG Parsing relationship: /_rels/.rels
2023-06-22 20:45:08 DEBUG using default POIXMLDocumentPart for http://schemas.openxmlformats.org/officeDocument/2006/relationships/printerSettings
2023-06-22 20:45:08 DEBUG Parsing relationship: /xl/_rels/workbook.xml.rels
2023-06-22 20:45:08 DEBUG Parsing relationship: /xl/worksheets/_rels/sheet1.xml.rels
2023-06-22 20:45:08 DEBUG Parsing relationship: /_rels/.rels
2023-06-22 20:45:08 DEBUG using default POIXMLDocumentPart for http://schemas.openxmlformats.org/officeDocument/2006/relationships/printerSettings
2023-06-22 20:45:09 DEBUG Parsing relationship: /xl/_rels/workbook.xml.rels
2023-06-22 20:45:09 DEBUG Parsing relationship: /xl/worksheets/_rels/sheet1.xml.rels
2023-06-22 20:45:09 DEBUG Parsing relationship: /_rels/.rels
2023-06-22 20:45:09 DEBUG using default POIXMLDocumentPart for http://schemas.openxmlformats.org/officeDocument/2006/relationships/printerSettings
2023-06-23 17:40:30 INFO  ***************** Creating new User ******************
2023-06-23 17:40:31 INFO  ***************** User Created ******************
2023-06-23 17:40:31 INFO  ***************** Reading the User ******************
2023-06-23 17:40:32 INFO  ***************** User Displayed ******************
2023-06-23 17:40:32 INFO  ***************** Updating User ******************
2023-06-23 17:40:35 INFO  ***************** User Updated ******************
2023-06-23 17:40:35 INFO  ***************** Deleting User ******************
2023-06-23 17:40:36 INFO  ***************** User Deleted ******************
2023-06-23 17:40:37 INFO  ***************** Creating new User ******************
2023-06-23 17:40:37 INFO  ***************** Reading the User ******************
2023-06-23 17:40:37 INFO  ***************** Updating User ******************
2023-06-23 17:40:37 INFO  ***************** Deleting User ******************
2023-06-23 17:42:26 INFO  ***************** Creating new User ******************
2023-06-23 17:42:28 INFO  ***************** User Created ******************
2023-06-23 17:42:28 INFO  ***************** Reading the User ******************
2023-06-23 17:42:29 INFO  ***************** User Displayed ******************
2023-06-23 17:42:29 INFO  ***************** Updating User ******************
2023-06-23 17:42:31 INFO  ***************** User Updated ******************
2023-06-23 17:42:31 INFO  ***************** Deleting User ******************
2023-06-23 17:42:33 INFO  ***************** User Deleted ******************
2023-06-23 17:42:33 INFO  ***************** Creating new User ******************
2023-06-23 17:42:34 INFO  ***************** User Created ******************
2023-06-23 17:42:34 INFO  ***************** Reading the User ******************
2023-06-23 17:42:36 INFO  ***************** User Displayed ******************
2023-06-23 17:42:36 INFO  ***************** Updating User ******************
2023-06-23 17:42:36 INFO  ***************** Deleting User ******************
2023-06-23 17:42:37 INFO  ***************** User Deleted ******************
2023-06-23 17:47:06 INFO  ***************** Updating User ******************
2023-06-23 17:47:14 INFO  ***************** User Updated ******************
2023-06-23 18:13:45 INFO  ***************** Creating new User ******************
2023-06-23 18:13:47 INFO  ***************** User Created ******************
2023-06-23 18:13:47 INFO  ***************** Reading the User ******************
2023-06-23 18:13:49 INFO  ***************** User Displayed ******************
2023-06-23 18:13:49 INFO  ***************** Updating User ******************
2023-06-23 18:13:52 INFO  ***************** User Updated ******************
2023-06-23 18:13:52 INFO  ***************** Deleting User ******************
2023-06-23 18:13:53 INFO  ***************** User Deleted ******************
2023-06-23 19:34:17 INFO  ***************** Creating new User ******************
2023-06-23 19:34:19 INFO  ***************** User Created ******************
2023-06-23 19:34:19 INFO  ***************** Reading the User ******************
2023-06-23 19:34:20 INFO  ***************** User Displayed ******************
2023-06-23 19:34:20 INFO  ***************** Updating User ******************
2023-06-23 19:34:23 INFO  ***************** User Updated ******************
2023-06-23 19:34:23 INFO  ***************** Deleting User ******************
2023-06-23 19:34:25 INFO  ***************** User Deleted ******************
2023-06-23 19:34:25 INFO  ***************** Creating new User ******************
2023-06-23 19:34:26 INFO  ***************** User Created ******************
2023-06-23 19:34:26 INFO  ***************** Reading the User ******************
2023-06-23 19:34:28 INFO  ***************** User Displayed ******************
2023-06-23 19:34:28 INFO  ***************** Updating User ******************
2023-06-23 19:34:31 INFO  ***************** User Updated ******************
2023-06-23 19:34:31 INFO  ***************** Deleting User ******************
2023-06-23 19:34:32 INFO  ***************** User Deleted ******************
2023-06-23 19:38:02 INFO  ***************** Creating new User ******************
2023-06-23 19:38:04 INFO  ***************** User Created ******************
2023-06-23 19:38:04 INFO  ***************** Reading the User ******************
2023-06-23 19:38:05 INFO  ***************** User Displayed ******************
2023-06-23 19:38:05 INFO  ***************** Updating User ******************
2023-06-23 19:38:08 INFO  ***************** User Updated ******************
2023-06-23 19:38:08 INFO  ***************** Deleting User ******************
2023-06-23 19:38:10 INFO  ***************** User Deleted ******************
2023-06-23 19:38:10 INFO  ***************** Creating new User ******************
2023-06-23 19:38:11 INFO  ***************** User Created ******************
2023-06-23 19:38:11 INFO  ***************** Reading the User ******************
2023-06-23 19:38:13 INFO  ***************** User Displayed ******************
2023-06-23 19:38:13 INFO  ***************** Updating User ******************
2023-06-23 19:38:15 INFO  ***************** User Updated ******************
2023-06-23 19:38:15 INFO  ***************** Deleting User ******************
2023-06-23 19:38:17 INFO  ***************** User Deleted ******************
2023-06-23 19:54:18 INFO  ***************** Creating new User ******************
2023-06-23 19:54:22 INFO  ***************** User Created ******************
2023-06-23 19:54:22 INFO  ***************** Reading the User ******************
2023-06-23 19:54:24 INFO  ***************** User Displayed ******************
2023-06-23 19:54:24 INFO  ***************** Updating User ******************
2023-06-23 19:54:27 INFO  ***************** User Updated ******************
2023-06-23 19:54:27 INFO  ***************** Deleting User ******************
2023-06-23 19:54:28 INFO  ***************** User Deleted ******************
2023-06-23 19:54:28 INFO  ***************** Creating new User ******************
2023-06-23 19:54:30 INFO  ***************** User Created ******************
2023-06-23 19:54:30 INFO  ***************** Reading the User ******************
2023-06-23 19:54:31 INFO  ***************** User Displayed ******************
2023-06-23 19:54:31 INFO  ***************** Updating User ******************
2023-06-23 19:54:38 INFO  ***************** User Updated ******************
2023-06-23 19:54:38 INFO  ***************** Deleting User ******************
2023-06-23 19:54:40 INFO  ***************** User Deleted ******************
2023-06-23 20:00:48 INFO  ***************** Creating new User ******************
2023-06-23 20:00:54 INFO  ***************** User Created ******************
2023-06-23 20:00:54 INFO  ***************** Reading the User ******************
2023-06-23 20:00:55 INFO  ***************** User Displayed ******************
2023-06-23 20:00:55 INFO  ***************** Updating User ******************
2023-06-23 20:00:58 INFO  ***************** User Updated ******************
2023-06-23 20:00:58 INFO  ***************** Deleting User ******************
2023-06-23 20:00:59 INFO  ***************** User Deleted ******************
2023-06-23 20:01:00 INFO  ***************** Creating new User ******************
2023-06-23 20:01:01 INFO  ***************** User Created ******************
2023-06-23 20:01:01 INFO  ***************** Reading the User ******************
2023-06-23 20:01:02 INFO  ***************** User Displayed ******************
2023-06-23 20:01:02 INFO  ***************** Updating User ******************
2023-06-23 20:01:10 INFO  ***************** User Updated ******************
2023-06-23 20:01:10 INFO  ***************** Deleting User ******************
2023-06-23 20:01:11 INFO  ***************** User Deleted ******************
2023-06-23 20:25:31 INFO  ***************** Creating new User ******************
2023-06-23 20:25:32 INFO  ***************** User Created ******************
2023-06-23 20:25:32 INFO  ***************** Reading the User ******************
2023-06-23 20:25:33 INFO  ***************** User Displayed ******************
2023-06-23 20:25:33 INFO  ***************** Updating User ******************
2023-06-23 20:25:40 INFO  ***************** User Updated ******************
2023-06-23 20:25:40 INFO  ***************** Deleting User ******************
2023-06-23 20:25:41 INFO  ***************** User Deleted ******************
2023-06-23 20:25:42 INFO  ***************** Creating new User ******************
2023-06-23 20:25:43 INFO  ***************** User Created ******************
2023-06-23 20:25:43 INFO  ***************** Reading the User ******************
2023-06-23 20:25:44 INFO  ***************** User Displayed ******************
2023-06-23 20:25:44 INFO  ***************** Updating User ******************
2023-06-23 20:25:47 INFO  ***************** User Updated ******************
2023-06-23 20:25:47 INFO  ***************** Deleting User ******************
2023-06-23 20:25:49 INFO  ***************** User Deleted ******************
2023-06-24 11:43:25 INFO  ***************** Creating new User ******************
2023-06-24 11:43:26 INFO  ***************** User Created ******************
2023-06-24 11:43:26 INFO  ***************** Reading the User ******************
2023-06-24 11:43:28 INFO  ***************** User Displayed ******************
2023-06-24 11:43:28 INFO  ***************** Updating User ******************
2023-06-24 11:43:31 INFO  ***************** User Updated ******************
2023-06-24 11:43:31 INFO  ***************** Deleting User ******************
2023-06-24 11:43:32 INFO  ***************** User Deleted ******************
2023-06-24 11:43:32 INFO  ***************** Creating new User ******************
2023-06-24 11:43:34 INFO  ***************** User Created ******************
2023-06-24 11:43:34 INFO  ***************** Reading the User ******************
2023-06-24 11:43:35 INFO  ***************** User Displayed ******************
2023-06-24 11:43:35 INFO  ***************** Updating User ******************
2023-06-24 11:43:38 INFO  ***************** User Updated ******************
2023-06-24 11:43:38 INFO  ***************** Deleting User ******************
2023-06-24 11:43:39 INFO  ***************** User Deleted ******************
2023-06-24 12:35:54 INFO  ***************** Creating new User ******************
2023-06-24 12:35:55 INFO  ***************** User Created ******************
2023-06-24 12:35:55 INFO  ***************** Reading the User ******************
2023-06-24 12:35:57 INFO  ***************** User Displayed ******************
2023-06-24 12:35:57 INFO  ***************** Updating User ******************
2023-06-24 12:35:59 INFO  ***************** User Updated ******************
2023-06-24 12:35:59 INFO  ***************** Deleting User ******************
2023-06-24 12:36:01 INFO  ***************** User Deleted ******************
2023-06-24 12:36:01 INFO  ***************** Creating new User ******************
2023-06-24 12:36:04 INFO  ***************** User Created ******************
2023-06-24 12:36:04 INFO  ***************** Reading the User ******************
2023-06-24 12:36:05 INFO  ***************** User Displayed ******************
2023-06-24 12:36:05 INFO  ***************** Updating User ******************
2023-06-24 12:36:08 INFO  ***************** User Updated ******************
2023-06-24 12:36:08 INFO  ***************** Deleting User ******************
2023-06-24 12:36:09 INFO  ***************** User Deleted ******************
